<?xml version="1.0" encoding="UTF-8"?>
<coverage generated="1655730539871" clover="3.2.0">
  <project timestamp="1655730539874" name="All files">
    <metrics statements="46" coveredstatements="43" conditionals="4" coveredconditionals="4" methods="21" coveredmethods="19" elements="71" coveredelements="66" complexity="0" loc="46" ncloc="46" packages="3" files="8" classes="8"/>
    <package name="src">
      <metrics statements="33" coveredstatements="30" conditionals="2" coveredconditionals="2" methods="14" coveredmethods="12"/>
      <file name="Advice.tsx" path="/Users/apple/Desktop/RNTestingDemo/src/Advice.tsx">
        <metrics statements="10" coveredstatements="9" conditionals="0" coveredconditionals="0" methods="4" coveredmethods="4"/>
        <line num="12" count="1" type="stmt"/>
        <line num="14" count="1" type="stmt"/>
        <line num="15" count="2" type="stmt"/>
        <line num="16" count="0" type="stmt"/>
        <line num="19" count="1" type="stmt"/>
        <line num="20" count="1" type="stmt"/>
        <line num="23" count="1" type="stmt"/>
        <line num="24" count="1" type="stmt"/>
        <line num="27" count="1" type="stmt"/>
        <line num="46" count="1" type="stmt"/>
      </file>
      <file name="Home.tsx" path="/Users/apple/Desktop/RNTestingDemo/src/Home.tsx">
        <metrics statements="3" coveredstatements="1" conditionals="0" coveredconditionals="0" methods="3" coveredmethods="1"/>
        <line num="5" count="1" type="stmt"/>
        <line num="23" count="0" type="stmt"/>
        <line num="52" count="0" type="stmt"/>
      </file>
      <file name="Todo.tsx" path="/Users/apple/Desktop/RNTestingDemo/src/Todo.tsx">
        <metrics statements="17" coveredstatements="17" conditionals="2" coveredconditionals="2" methods="5" coveredmethods="5"/>
        <line num="8" count="20" type="stmt"/>
        <line num="9" count="20" type="stmt"/>
        <line num="10" count="20" type="stmt"/>
        <line num="12" count="20" type="stmt"/>
        <line num="13" count="6" type="stmt"/>
        <line num="16" count="20" type="stmt"/>
        <line num="17" count="8" type="cond" truecount="2" falsecount="0"/>
        <line num="18" count="2" type="stmt"/>
        <line num="19" count="2" type="stmt"/>
        <line num="21" count="6" type="stmt"/>
        <line num="25" count="6" type="stmt"/>
        <line num="26" count="6" type="stmt"/>
        <line num="27" count="6" type="stmt"/>
        <line num="30" count="20" type="stmt"/>
        <line num="31" count="1" type="stmt"/>
        <line num="34" count="20" type="stmt"/>
        <line num="51" count="1" type="stmt"/>
      </file>
      <file name="fetchData.ts" path="/Users/apple/Desktop/RNTestingDemo/src/fetchData.ts">
        <metrics statements="3" coveredstatements="3" conditionals="0" coveredconditionals="0" methods="2" coveredmethods="2"/>
        <line num="3" count="2" type="stmt"/>
        <line num="5" count="2" type="stmt"/>
        <line num="6" count="3" type="stmt"/>
      </file>
    </package>
    <package name="src.components">
      <metrics statements="4" coveredstatements="4" conditionals="2" coveredconditionals="2" methods="2" coveredmethods="2"/>
      <file name="AddList.tsx" path="/Users/apple/Desktop/RNTestingDemo/src/components/AddList.tsx">
        <metrics statements="2" coveredstatements="2" conditionals="0" coveredconditionals="0" methods="1" coveredmethods="1"/>
        <line num="11" count="20" type="stmt"/>
        <line num="26" count="1" type="stmt"/>
      </file>
      <file name="ErrorComponent.tsx" path="/Users/apple/Desktop/RNTestingDemo/src/components/ErrorComponent.tsx">
        <metrics statements="2" coveredstatements="2" conditionals="2" coveredconditionals="2" methods="1" coveredmethods="1"/>
        <line num="5" count="20" type="cond" truecount="2" falsecount="0"/>
        <line num="8" count="1" type="stmt"/>
      </file>
    </package>
    <package name="src.components.ItemsList">
      <metrics statements="9" coveredstatements="9" conditionals="0" coveredconditionals="0" methods="5" coveredmethods="5"/>
      <file name="ListItem.tsx" path="/Users/apple/Desktop/RNTestingDemo/src/components/ItemsList/ListItem.tsx">
        <metrics statements="4" coveredstatements="4" conditionals="0" coveredconditionals="0" methods="2" coveredmethods="2"/>
        <line num="5" count="12" type="stmt"/>
        <line num="6" count="1" type="stmt"/>
        <line num="9" count="12" type="stmt"/>
        <line num="25" count="1" type="stmt"/>
      </file>
      <file name="index.tsx" path="/Users/apple/Desktop/RNTestingDemo/src/components/ItemsList/index.tsx">
        <metrics statements="5" coveredstatements="5" conditionals="0" coveredconditionals="0" methods="3" coveredmethods="3"/>
        <line num="6" count="20" type="stmt"/>
        <line num="7" count="12" type="stmt"/>
        <line num="10" count="20" type="stmt"/>
        <line num="15" count="21" type="stmt"/>
        <line num="21" count="1" type="stmt"/>
      </file>
    </package>
  </project>
</coverage>
