{"/Users/apple/Desktop/RNTestingDemo/App.tsx": {"path":"/Users/apple/Desktop/RNTestingDemo/App.tsx","statementMap":{"0":{"start":{"line":5,"column":2},"end":{"line":5,"column":18}}},"fnMap":{"0":{"name":"App","decl":{"start":{"line":4,"column":24},"end":{"line":4,"column":27}},"loc":{"start":{"line":4,"column":30},"end":{"line":6,"column":1}},"line":4}},"branchMap":{},"s":{"0":1},"f":{"0":1},"b":{},"_coverageSchema":"1a1c01bbd47fc00a2c39e90264f33305004495a9","hash":"e77e1c15e25c4519f28d6516db7e79dbf687456a"}
,"/Users/apple/Desktop/RNTestingDemo/src/Home.tsx": {"path":"/Users/apple/Desktop/RNTestingDemo/src/Home.tsx","statementMap":{"0":{"start":{"line":11,"column":19},"end":{"line":11,"column":54}},"1":{"start":{"line":14,"column":30},"end":{"line":14,"column":42}},"2":{"start":{"line":16,"column":20},"end":{"line":18,"column":8}},"3":{"start":{"line":17,"column":4},"end":{"line":17,"column":64}},"4":{"start":{"line":17,"column":31},"end":{"line":17,"column":62}},"5":{"start":{"line":20,"column":2},"end":{"line":22,"column":18}},"6":{"start":{"line":21,"column":4},"end":{"line":21,"column":16}},"7":{"start":{"line":24,"column":25},"end":{"line":26,"column":17}},"8":{"start":{"line":25,"column":4},"end":{"line":25,"column":16}},"9":{"start":{"line":28,"column":2},"end":{"line":44,"column":4}},"10":{"start":{"line":47,"column":15},"end":{"line":80,"column":2}}},"fnMap":{"0":{"name":"Home","decl":{"start":{"line":13,"column":24},"end":{"line":13,"column":28}},"loc":{"start":{"line":13,"column":31},"end":{"line":45,"column":1}},"line":13},"1":{"name":"(anonymous_1)","decl":{"start":{"line":16,"column":32},"end":{"line":16,"column":33}},"loc":{"start":{"line":16,"column":44},"end":{"line":18,"column":3}},"line":16},"2":{"name":"(anonymous_2)","decl":{"start":{"line":17,"column":24},"end":{"line":17,"column":25}},"loc":{"start":{"line":17,"column":31},"end":{"line":17,"column":62}},"line":17},"3":{"name":"(anonymous_3)","decl":{"start":{"line":20,"column":12},"end":{"line":20,"column":13}},"loc":{"start":{"line":20,"column":18},"end":{"line":22,"column":3}},"line":20},"4":{"name":"(anonymous_4)","decl":{"start":{"line":24,"column":37},"end":{"line":24,"column":38}},"loc":{"start":{"line":24,"column":43},"end":{"line":26,"column":3}},"line":24}},"branchMap":{},"s":{"0":2,"1":2,"2":2,"3":0,"4":0,"5":2,"6":0,"7":2,"8":0,"9":2,"10":2},"f":{"0":2,"1":0,"2":0,"3":0,"4":0},"b":{},"_coverageSchema":"1a1c01bbd47fc00a2c39e90264f33305004495a9","hash":"981468e23f814a34d1a37a5d3a11639bd727949a"}
}
