TN:
SF:src/Advice.tsx
FN:11,Advice
FN:14,(anonymous_1)
FN:19,(anonymous_2)
FN:23,(anonymous_3)
FNF:4
FNH:4
FNDA:1,Advice
FNDA:2,(anonymous_1)
FNDA:1,(anonymous_2)
FNDA:1,(anonymous_3)
DA:12,1
DA:14,1
DA:15,2
DA:16,0
DA:19,1
DA:20,1
DA:23,1
DA:24,1
DA:27,1
DA:46,1
LF:10
LH:9
BRF:0
BRH:0
end_of_record
TN:
SF:src/Home.tsx
FN:4,Home
FN:23,(anonymous_1)
FN:52,(anonymous_2)
FNF:3
FNH:1
FNDA:1,Home
FNDA:0,(anonymous_1)
FNDA:0,(anonymous_2)
DA:5,1
DA:23,0
DA:52,0
LF:3
LH:1
BRF:0
BRH:0
end_of_record
TN:
SF:src/Todo.tsx
FN:7,Todo
FN:12,(anonymous_1)
FN:16,(anonymous_2)
FN:30,(anonymous_3)
FN:31,(anonymous_4)
FNF:5
FNH:5
FNDA:20,Todo
FNDA:6,(anonymous_1)
FNDA:8,(anonymous_2)
FNDA:1,(anonymous_3)
FNDA:1,(anonymous_4)
DA:8,20
DA:9,20
DA:10,20
DA:12,20
DA:13,6
DA:16,20
DA:17,8
DA:18,2
DA:19,2
DA:21,6
DA:25,6
DA:26,6
DA:27,6
DA:30,20
DA:31,1
DA:34,20
DA:51,1
LF:17
LH:17
BRDA:17,0,0,2
BRDA:17,0,1,6
BRF:2
BRH:2
end_of_record
TN:
SF:src/fetchData.ts
FN:5,(anonymous_0)
FN:6,(anonymous_1)
FNF:2
FNH:2
FNDA:3,(anonymous_0)
FNDA:1,(anonymous_1)
DA:3,2
DA:5,2
DA:6,3
LF:3
LH:3
BRF:0
BRH:0
end_of_record
TN:
SF:src/components/AddList.tsx
FN:10,AddList
FNF:1
FNH:1
FNDA:20,AddList
DA:11,20
DA:26,1
LF:2
LH:2
BRF:0
BRH:0
end_of_record
TN:
SF:src/components/ErrorComponent.tsx
FN:4,Error
FNF:1
FNH:1
FNDA:20,Error
DA:5,20
DA:8,1
LF:2
LH:2
BRDA:5,0,0,20
BRDA:5,0,1,3
BRF:2
BRH:2
end_of_record
TN:
SF:src/components/ItemsList/ListItem.tsx
FN:4,ListItem
FN:5,(anonymous_1)
FNF:2
FNH:2
FNDA:12,ListItem
FNDA:1,(anonymous_1)
DA:5,12
DA:6,1
DA:9,12
DA:25,1
LF:4
LH:4
BRF:0
BRH:0
end_of_record
TN:
SF:src/components/ItemsList/index.tsx
FN:5,ItemsList
FN:6,(anonymous_1)
FN:15,(anonymous_2)
FNF:3
FNH:3
FNDA:20,ItemsList
FNDA:12,(anonymous_1)
FNDA:21,(anonymous_2)
DA:6,20
DA:7,12
DA:10,20
DA:15,21
DA:21,1
LF:5
LH:5
BRF:0
BRH:0
end_of_record
