TN:
SF:src/Advice.tsx
FN:11,Advice
FN:14,(anonymous_1)
FN:19,(anonymous_2)
FN:23,(anonymous_3)
FNF:4
FNH:4
FNDA:1,Advice
FNDA:2,(anonymous_1)
FNDA:1,(anonymous_2)
FNDA:1,(anonymous_3)
DA:12,1
DA:14,1
DA:15,2
DA:16,0
DA:19,1
DA:20,1
DA:23,1
DA:24,1
DA:27,1
DA:46,1
LF:10
LH:9
BRF:0
BRH:0
end_of_record
TN:
SF:src/Home.tsx
FN:4,Home
FN:23,(anonymous_1)
FN:52,(anonymous_2)
FNF:3
FNH:1
FNDA:1,Home
FNDA:0,(anonymous_1)
FNDA:0,(anonymous_2)
DA:5,1
DA:23,0
DA:52,0
LF:3
LH:1
BRF:0
BRH:0
end_of_record
TN:
SF:src/fetchData.ts
FN:5,(anonymous_0)
FN:6,(anonymous_1)
FNF:2
FNH:2
FNDA:3,(anonymous_0)
FNDA:1,(anonymous_1)
DA:3,2
DA:5,2
DA:6,3
LF:3
LH:3
BRF:0
BRH:0
end_of_record
